[debug] [2023-07-05T21:12:31.666Z] ----------------------------------------------------------------------
[debug] [2023-07-05T21:12:31.668Z] Command:       C:\Program Files\nodejs\node.exe C:\Users\Bstar\AppData\Roaming\npm\node_modules\firebase-tools\lib\bin\firebase.js init
[debug] [2023-07-05T21:12:31.669Z] CLI Version:   12.3.1
[debug] [2023-07-05T21:12:31.669Z] Platform:      win32
[debug] [2023-07-05T21:12:31.669Z] Node Version:  v16.15.1
[debug] [2023-07-05T21:12:31.688Z] Time:          Wed Jul 05 2023 14:12:31 GMT-0700 (Pacific Daylight Time)
[debug] [2023-07-05T21:12:31.689Z] ----------------------------------------------------------------------
[debug] 
[debug] [2023-07-05T21:12:31.694Z] >>> [apiv2][query] GET https://firebase-public.firebaseio.com/cli.json [none]
[debug] [2023-07-05T21:12:31.715Z] > command requires scopes: ["email","openid","https://www.googleapis.com/auth/cloudplatformprojects.readonly","https://www.googleapis.com/auth/firebase","https://www.googleapis.com/auth/cloud-platform"]
[debug] [2023-07-05T21:12:31.716Z] > authorizing via signed-in user (bezojgrey@gmail.com)
[info] 
     ######## #### ########  ######## ########     ###     ######  ########
     ##        ##  ##     ## ##       ##     ##  ##   ##  ##       ##
     ######    ##  ########  ######   ########  #########  ######  ######
     ##        ##  ##    ##  ##       ##     ## ##     ##       ## ##
     ##       #### ##     ## ######## ########  ##     ##  ######  ########

You're about to initialize a Firebase project in this directory:

  E:\develop\github\my-repositories\Development-experience

[debug] [2023-07-05T21:12:32.375Z] <<< [apiv2][status] GET https://firebase-public.firebaseio.com/cli.json 200
[debug] [2023-07-05T21:12:32.376Z] <<< [apiv2][body] GET https://firebase-public.firebaseio.com/cli.json {"cloudBuildErrorAfter":1594252800000,"cloudBuildWarnAfter":1590019200000,"defaultNode10After":1594252800000,"minVersion":"3.0.5","node8DeploysDisabledAfter":1613390400000,"node8RuntimeDisabledAfter":1615809600000,"node8WarnAfter":1600128000000}
